2026-02-10 19:39:31 | INFO | Project started
2026-02-10 19:39:31 | INFO | Project name: crown_db
2026-02-10 19:39:31 | INFO | Version: 0.0.1
2026-02-10 19:39:31 | INFO | Heights grid: [0, 5, 10, 15, 20, 25]
2026-02-10 19:43:32 | INFO | Starting project: crown_db v0.0.1
2026-02-10 19:43:33 | INFO | Database initialized: data\db\crowns.sqlite3
2026-02-10 19:43:33 | INFO | Heights grid: [0, 5, 10, 15, 20, 25]
2026-02-11 11:48:33 | INFO | Starting project: crown_db v0.0.1
2026-02-11 11:48:33 | INFO | Database ready: data\db\crowns.sqlite3
2026-02-11 11:48:33 | INFO | Imported: D:\Users\Ekateryna\Desktop\Mag_projects\data\raw_images\береза 16м.JPG
2026-02-11 11:48:33 | INFO | Imported: D:\Users\Ekateryna\Desktop\Mag_projects\data\raw_images\Береза 8м.JPG
2026-02-11 11:48:33 | INFO | Import finished. Added 2 images.
2026-02-11 11:54:06 | INFO | Starting project: crown_db v0.0.1
2026-02-11 11:54:06 | INFO | Database ready: data\db\crowns.sqlite3
2026-02-11 12:00:54 | INFO | Starting project: crown_db v0.0.1
2026-02-11 12:00:54 | INFO | Database ready: data\db\crowns.sqlite3
2026-02-11 12:00:56 | INFO | Starting project: crown_db v0.0.1
2026-02-11 12:00:56 | INFO | Database ready: data\db\crowns.sqlite3
2026-02-11 12:02:47 | INFO | Starting project: crown_db v0.0.1
2026-02-11 12:02:47 | INFO | Database ready: data\db\crowns.sqlite3
2026-02-11 12:02:48 | INFO | Opened image 1/2: D:\Users\Ekateryna\Desktop\Mag_projects\data\raw_images\береза 16м.JPG
2026-02-11 12:02:59 | INFO | Center set: (2807, 1066)
2026-02-11 12:03:17 | INFO | Center set: (2769, 1632)
2026-02-11 12:03:19 | INFO | Center set: (2684, 1258)
2026-02-11 12:03:20 | INFO | Center set: (2571, 1747)
2026-02-11 12:03:20 | INFO | Center set: (2524, 1786)
2026-02-11 12:03:21 | INFO | Center set: (2788, 1814)
2026-02-11 12:03:21 | INFO | Center set: (2788, 1814)
2026-02-11 12:03:21 | INFO | Center set: (2788, 1814)
2026-02-11 12:03:22 | INFO | Center set: (2788, 1814)
2026-02-11 12:03:22 | INFO | Center set: (2788, 1814)
2026-02-11 12:03:22 | INFO | Center set: (2788, 1814)
2026-02-11 12:03:23 | INFO | Center set: (2694, 2621)
2026-02-11 12:03:24 | INFO | Theta: 5.0 deg
2026-02-11 12:03:24 | INFO | Theta: 10.0 deg
2026-02-11 12:03:24 | INFO | Theta: 15.0 deg
2026-02-11 12:03:24 | INFO | Theta: 20.0 deg
2026-02-11 12:03:24 | INFO | Theta: 25.0 deg
2026-02-11 12:03:24 | INFO | Theta: 30.0 deg
2026-02-11 12:03:25 | INFO | Theta: 35.0 deg
2026-02-11 12:03:25 | INFO | Theta: 30.0 deg
2026-02-11 12:03:25 | INFO | Theta: 25.0 deg
2026-02-11 12:03:25 | INFO | Theta: 20.0 deg
2026-02-11 12:03:25 | INFO | Theta: 15.0 deg
2026-02-11 12:03:25 | INFO | Theta: 10.0 deg
2026-02-11 12:03:25 | INFO | Theta: 15.0 deg
2026-02-11 12:03:25 | INFO | Theta: 20.0 deg
2026-02-11 12:03:26 | INFO | Theta: 15.0 deg
2026-02-11 12:03:26 | INFO | Theta: 10.0 deg
2026-02-11 12:03:26 | INFO | Theta: 5.0 deg
2026-02-11 12:03:26 | INFO | Theta: -0.0 deg
2026-02-11 12:03:26 | INFO | Theta: -5.0 deg
2026-02-11 12:03:26 | INFO | Theta: -10.0 deg
2026-02-11 12:03:27 | INFO | Theta: -15.0 deg
2026-02-11 12:03:27 | INFO | Theta: -20.0 deg
2026-02-11 12:03:27 | INFO | Theta: -25.0 deg
2026-02-11 12:03:27 | INFO | Theta: -30.0 deg
2026-02-11 12:03:27 | INFO | Theta: -35.0 deg
2026-02-11 12:03:27 | INFO | Theta: -40.0 deg
2026-02-11 12:03:27 | INFO | Theta: -45.0 deg
2026-02-11 12:03:27 | INFO | Theta: -50.0 deg
2026-02-11 12:03:27 | INFO | Theta: -55.0 deg
2026-02-11 12:03:28 | INFO | Theta: -50.0 deg
2026-02-11 12:03:28 | INFO | Theta: -45.0 deg
2026-02-11 12:03:28 | INFO | Theta: -40.0 deg
2026-02-11 12:03:28 | INFO | Theta: -35.0 deg
2026-02-11 12:03:28 | INFO | Theta: -40.0 deg
2026-02-11 12:03:28 | INFO | Theta: -45.0 deg
2026-02-11 12:03:28 | INFO | Theta: -50.0 deg
2026-02-11 12:03:28 | INFO | Theta: -55.0 deg
2026-02-11 12:03:28 | INFO | Theta: -50.0 deg
2026-02-11 12:03:28 | INFO | Theta: -45.0 deg
2026-02-11 12:03:28 | INFO | Theta: -40.0 deg
2026-02-11 12:03:28 | INFO | Theta: -45.0 deg
2026-02-11 12:03:28 | INFO | Theta: -50.0 deg
2026-02-11 12:03:28 | INFO | Theta: -55.0 deg
2026-02-11 12:03:28 | INFO | Theta: -60.0 deg
2026-02-11 12:03:28 | INFO | Theta: -55.0 deg
2026-02-11 12:03:28 | INFO | Theta: -50.0 deg
2026-02-11 12:03:28 | INFO | Theta: -45.0 deg
2026-02-11 12:03:29 | INFO | Theta: -40.0 deg
2026-02-11 12:03:29 | INFO | Theta: -35.0 deg
2026-02-11 12:03:29 | INFO | Theta: -40.0 deg
2026-02-11 12:03:29 | INFO | Theta: -45.0 deg
2026-02-11 12:03:29 | INFO | Theta: -50.0 deg
2026-02-11 12:03:29 | INFO | Theta: -55.0 deg
2026-02-11 12:03:29 | INFO | Theta: -50.0 deg
2026-02-11 12:03:29 | INFO | Theta: -45.0 deg
2026-02-11 12:03:29 | INFO | Theta: -40.0 deg
2026-02-11 12:03:29 | INFO | Theta: -35.0 deg
2026-02-11 12:03:29 | INFO | Theta: -40.0 deg
2026-02-11 12:03:29 | INFO | Theta: -45.0 deg
2026-02-11 12:03:29 | INFO | Theta: -50.0 deg
2026-02-11 12:03:29 | INFO | Theta: -55.0 deg
2026-02-11 12:03:29 | INFO | Theta: -50.0 deg
2026-02-11 12:03:29 | INFO | Theta: -45.0 deg
2026-02-11 12:03:29 | INFO | Theta: -40.0 deg
2026-02-11 12:03:29 | INFO | Theta: -35.0 deg
2026-02-11 12:03:29 | INFO | Theta: -40.0 deg
2026-02-11 12:03:29 | INFO | Theta: -45.0 deg
2026-02-11 12:03:29 | INFO | Theta: -50.0 deg
2026-02-11 12:03:29 | INFO | Theta: -55.0 deg
2026-02-11 12:03:29 | INFO | Theta: -50.0 deg
2026-02-11 12:03:29 | INFO | Theta: -45.0 deg
2026-02-11 12:03:29 | INFO | Theta: -40.0 deg
2026-02-11 12:03:29 | INFO | Theta: -35.0 deg
2026-02-11 12:03:30 | INFO | Theta: -40.0 deg
2026-02-11 12:03:30 | INFO | Theta: -45.0 deg
2026-02-11 12:03:30 | INFO | Theta: -50.0 deg
2026-02-11 12:03:30 | INFO | Theta: -55.0 deg
2026-02-11 12:03:30 | INFO | Theta: -60.0 deg
2026-02-11 12:03:38 | INFO | Center set: (2279, 998)
2026-02-11 12:03:39 | INFO | Center set: (3136, 2179)
2026-02-11 12:03:41 | INFO | Radii set: a=705.7 b=494.0
2026-02-11 12:03:43 | INFO | Radii set: a=920.8 b=644.6
2026-02-11 12:03:43 | INFO | Radii set: a=966.1 b=676.3
2026-02-11 12:03:44 | INFO | Radii set: a=966.1 b=676.3
2026-02-11 12:03:45 | INFO | Radii set: a=1149.0 b=804.3
2026-02-11 12:03:46 | INFO | Radii set: a=956.9 b=669.8
2026-02-11 12:03:46 | INFO | Radii set: a=1134.3 b=794.0
2026-02-11 12:03:47 | INFO | Radii set: a=1168.4 b=817.9
2026-02-11 12:03:48 | INFO | Radii set: a=1168.4 b=817.9
2026-02-11 12:03:48 | INFO | Radii set: a=1168.4 b=817.9
2026-02-11 12:03:49 | INFO | Radii set: a=1168.4 b=817.9
2026-02-11 12:03:53 | INFO | Radii set: a=1166.6 b=816.6
2026-02-11 12:03:55 | INFO | Radii set: a=1166.6 b=816.6
2026-02-11 12:03:56 | INFO | Center set: (2637, 1181)
2026-02-11 12:03:57 | INFO | Center set: (2430, 1286)
2026-02-11 12:03:58 | INFO | Center set: (2825, 1728)
2026-02-11 12:04:00 | INFO | Theta: -65.0 deg
2026-02-11 12:04:00 | INFO | Theta: -70.0 deg
2026-02-11 12:04:00 | INFO | Theta: -75.0 deg
2026-02-11 12:04:01 | INFO | Theta: -80.0 deg
2026-02-11 12:04:01 | INFO | Theta: -85.0 deg
2026-02-11 12:04:01 | INFO | Theta: -90.0 deg
2026-02-11 12:04:01 | INFO | Theta: -95.0 deg
2026-02-11 12:04:01 | INFO | Theta: -100.0 deg
2026-02-11 12:04:01 | INFO | Theta: -105.0 deg
2026-02-11 12:04:01 | INFO | Theta: -110.0 deg
2026-02-11 12:04:01 | INFO | Theta: -115.0 deg
2026-02-11 12:04:02 | INFO | Theta: -120.0 deg
2026-02-11 12:04:02 | INFO | Theta: -125.0 deg
2026-02-11 12:04:02 | INFO | Theta: -130.0 deg
2026-02-11 12:04:02 | INFO | Theta: -135.0 deg
2026-02-11 12:04:02 | INFO | Theta: -140.0 deg
2026-02-11 12:04:02 | INFO | Theta: -145.0 deg
2026-02-11 12:04:02 | INFO | Theta: -150.0 deg
2026-02-11 12:04:02 | INFO | Theta: -155.0 deg
2026-02-11 12:04:02 | INFO | Theta: -160.0 deg
2026-02-11 12:04:03 | INFO | Theta: -165.0 deg
2026-02-11 12:04:03 | INFO | Theta: -170.0 deg
2026-02-11 12:04:03 | INFO | Theta: -175.0 deg
2026-02-11 12:04:03 | INFO | Theta: -180.0 deg
2026-02-11 12:04:03 | INFO | Theta: -185.0 deg
2026-02-11 12:04:03 | INFO | Theta: -190.0 deg
2026-02-11 12:04:03 | INFO | Theta: -195.0 deg
2026-02-11 12:04:03 | INFO | Theta: -190.0 deg
2026-02-11 12:04:03 | INFO | Theta: -185.0 deg
2026-02-11 12:04:03 | INFO | Theta: -180.0 deg
2026-02-11 12:04:03 | INFO | Theta: -175.0 deg
2026-02-11 12:04:04 | INFO | Theta: -170.0 deg
2026-02-11 12:04:04 | INFO | Theta: -165.0 deg
2026-02-11 12:04:08 | INFO | Theta: -170.0 deg
2026-02-11 12:04:08 | INFO | Theta: -175.0 deg
2026-02-11 12:04:08 | INFO | Theta: -180.0 deg
2026-02-11 12:04:08 | INFO | Theta: -185.0 deg
2026-02-11 12:04:08 | INFO | Theta: -190.0 deg
2026-02-11 12:04:08 | INFO | Radii set: a=231.7 b=162.2
2026-02-11 12:04:10 | INFO | Radii set: a=354.5 b=248.1
2026-02-11 12:04:10 | INFO | Radii set: a=366.9 b=256.8
2026-02-11 12:04:11 | INFO | Radii set: a=366.9 b=256.8
2026-02-11 12:04:12 | INFO | Center set: (2760, 1094)
2026-02-11 12:04:13 | INFO | Center set: (2778, 1603)
2026-02-11 12:04:13 | INFO | Radii set: a=9.0 b=6.3
2026-02-11 12:04:15 | INFO | Radii set: a=9.0 b=6.3
2026-02-11 12:04:16 | INFO | Center set: (2581, 1382)
2026-02-11 12:04:18 | INFO | Radii set: a=190.4 b=133.3
2026-02-11 12:04:19 | INFO | Radii set: a=120.9 b=84.6
2026-02-11 12:04:20 | INFO | Radii set: a=215.0 b=150.5
2026-02-11 12:04:21 | INFO | Radii set: a=207.9 b=145.6
2026-02-11 12:04:22 | INFO | Radii set: a=350.6 b=245.4
2026-02-11 12:04:23 | INFO | Center set: (2656, 1306)
2026-02-11 12:04:23 | INFO | Center set: (2995, 1718)
2026-02-11 12:04:24 | INFO | Center set: (2797, 1670)
2026-02-11 12:04:26 | INFO | Radii set: a=403.0 b=282.1
2026-02-11 12:04:27 | INFO | Radii set: a=403.0 b=282.1
2026-02-11 12:04:28 | INFO | Radii set: a=242.3 b=169.6
2026-02-11 12:04:28 | INFO | Radii set: a=242.3 b=169.6
2026-02-11 12:04:30 | INFO | Radii set: a=460.9 b=322.6
2026-02-11 12:04:30 | INFO | Radii set: a=497.8 b=348.5
2026-02-11 12:04:31 | INFO | Radii set: a=599.7 b=419.8
2026-02-11 12:04:32 | INFO | Radii set: a=654.5 b=458.1
2026-02-11 12:04:35 | INFO | Theta: -195.0 deg
2026-02-11 12:04:36 | INFO | Theta: -200.0 deg
2026-02-11 12:04:36 | INFO | Theta: -205.0 deg
2026-02-11 12:04:36 | INFO | Theta: -210.0 deg
2026-02-11 12:04:36 | INFO | Theta: -215.0 deg
2026-02-11 12:04:36 | INFO | Theta: -220.0 deg
2026-02-11 12:04:36 | INFO | Theta: -225.0 deg
2026-02-11 12:04:37 | INFO | Theta: -230.0 deg
2026-02-11 12:04:37 | INFO | Theta: -235.0 deg
2026-02-11 12:04:37 | INFO | Theta: -240.0 deg
2026-02-11 12:04:37 | INFO | Theta: -245.0 deg
2026-02-11 12:04:37 | INFO | Theta: -250.0 deg
2026-02-11 12:04:37 | INFO | Theta: -255.0 deg
2026-02-11 12:04:37 | INFO | Theta: -260.0 deg
2026-02-11 12:04:37 | INFO | Theta: -265.0 deg
2026-02-11 12:04:37 | INFO | Theta: -270.0 deg
2026-02-11 12:07:21 | INFO | Starting project: crown_db v0.0.1
2026-02-11 12:07:21 | INFO | Database ready: data\db\crowns.sqlite3
2026-02-11 12:08:15 | INFO | Starting project: crown_db v0.0.1
2026-02-11 12:08:15 | INFO | Database ready: data\db\crowns.sqlite3
2026-02-11 12:08:20 | INFO | Opened image 1/2: D:\Users\Ekateryna\Desktop\Mag_projects\data\raw_images\береза 16м.JPG
2026-02-11 12:08:33 | INFO | Center set: (2760, 1622)
2026-02-11 12:08:39 | INFO | Radii set: a=487.5 b=341.3
2026-02-11 12:08:43 | INFO | Theta: -5.0 deg
2026-02-11 12:08:44 | INFO | Theta: -10.0 deg
2026-02-11 12:08:44 | INFO | Theta: -15.0 deg
2026-02-11 12:08:44 | INFO | Theta: -20.0 deg
2026-02-11 12:08:44 | INFO | Theta: -25.0 deg
2026-02-11 12:08:44 | INFO | Theta: -30.0 deg
2026-02-11 12:08:44 | INFO | Theta: -35.0 deg
2026-02-11 12:08:44 | INFO | Theta: -40.0 deg
2026-02-11 12:08:44 | INFO | Theta: -45.0 deg
2026-02-11 12:08:45 | INFO | Theta: -50.0 deg
2026-02-11 12:08:45 | INFO | Theta: -55.0 deg
2026-02-11 12:08:45 | INFO | Theta: -60.0 deg
2026-02-11 12:08:45 | INFO | Theta: -65.0 deg
2026-02-11 12:08:45 | INFO | Theta: -70.0 deg
2026-02-11 12:08:45 | INFO | Theta: -75.0 deg
2026-02-11 12:08:45 | INFO | Theta: -80.0 deg
2026-02-11 12:08:45 | INFO | Theta: -85.0 deg
2026-02-11 12:08:46 | INFO | Theta: -90.0 deg
2026-02-11 12:08:54 | INFO | Saved annotation d719b706-4f74-4c33-b3bc-c07c13c2cfe4 for image_id=bacff13e-fd40-4a8f-bf1f-00eb20315f29 tree_id=tree_001
2026-02-11 12:09:04 | INFO | Starting project: crown_db v0.0.1
2026-02-11 12:09:04 | INFO | Database ready: data\db\crowns.sqlite3
2026-02-11 12:11:06 | INFO | Starting project: crown_db v0.0.1
2026-02-11 12:11:06 | INFO | Database ready: data\db\crowns.sqlite3
2026-02-11 12:11:06 | INFO | Opened image 1/2: D:\Users\Ekateryna\Desktop\Mag_projects\data\raw_images\береза 16м.JPG
2026-02-11 12:11:10 | INFO | Center set: (2769, 1642)
2026-02-11 12:11:11 | INFO | Radii set: a=615.0 b=430.5
2026-02-11 12:11:12 | INFO | Theta: -5.0 deg
2026-02-11 12:11:13 | INFO | Theta: -10.0 deg
2026-02-11 12:11:13 | INFO | Theta: -15.0 deg
2026-02-11 12:11:13 | INFO | Theta: -20.0 deg
2026-02-11 12:11:13 | INFO | Theta: -25.0 deg
2026-02-11 12:11:13 | INFO | Theta: -30.0 deg
2026-02-11 12:11:13 | INFO | Theta: -35.0 deg
2026-02-11 12:11:13 | INFO | Theta: -40.0 deg
2026-02-11 12:11:14 | INFO | Theta: -45.0 deg
2026-02-11 12:11:14 | INFO | Theta: -50.0 deg
2026-02-11 12:11:14 | INFO | Theta: -55.0 deg
2026-02-11 12:11:14 | INFO | Theta: -60.0 deg
2026-02-11 12:11:14 | INFO | Theta: -65.0 deg
2026-02-11 12:11:14 | INFO | Theta: -70.0 deg
2026-02-11 12:11:14 | INFO | Theta: -75.0 deg
2026-02-11 12:11:14 | INFO | Theta: -80.0 deg
2026-02-11 12:11:14 | INFO | Theta: -85.0 deg
2026-02-11 12:11:14 | INFO | Theta: -90.0 deg
2026-02-11 12:11:15 | INFO | Theta: -95.0 deg
2026-02-11 12:11:18 | INFO | SAVE pressed
2026-02-11 12:11:18 | INFO | Saved annotation eac028c2-c57d-4bda-87c4-6d9c82038654 for image_id=bacff13e-fd40-4a8f-bf1f-00eb20315f29 tree_id=tree_001
2026-02-11 12:11:24 | INFO | Starting project: crown_db v0.0.1
2026-02-11 12:11:24 | INFO | Database ready: data\db\crowns.sqlite3
2026-02-11 12:13:37 | INFO | Starting project: crown_db v0.0.1
2026-02-11 12:13:37 | INFO | Database ready: data\db\crowns.sqlite3
2026-02-11 12:13:38 | INFO | Built observation 23f403b0-477a-4ac9-9530-af3628ee4134 for annotation d719b706-4f74-4c33-b3bc-c07c13c2cfe4
2026-02-11 12:13:38 | INFO | Built observation 368ddf54-1701-462c-8d99-2765a8fa7c7b for annotation eac028c2-c57d-4bda-87c4-6d9c82038654
2026-02-11 12:13:38 | INFO | Build observations finished. Added 2 observations.
2026-02-11 12:16:56 | INFO | Starting project: crown_db v0.0.1
2026-02-11 12:16:56 | INFO | Database ready: data\db\crowns.sqlite3
2026-02-11 12:16:56 | INFO | Opened image 1/2: D:\Users\Ekateryna\Desktop\Mag_projects\data\raw_images\береза 16м.JPG
2026-02-11 12:16:59 | INFO | Center set: (2731, 1613)
2026-02-11 12:17:02 | INFO | Radii set: a=521.1 b=364.8
2026-02-11 12:17:02 | INFO | Theta: -5.0 deg
2026-02-11 12:17:03 | INFO | Theta: -10.0 deg
2026-02-11 12:17:03 | INFO | Theta: -15.0 deg
2026-02-11 12:17:03 | INFO | Theta: -20.0 deg
2026-02-11 12:17:03 | INFO | Theta: -25.0 deg
2026-02-11 12:17:03 | INFO | Theta: -30.0 deg
2026-02-11 12:17:03 | INFO | Theta: -35.0 deg
2026-02-11 12:17:03 | INFO | Theta: -40.0 deg
2026-02-11 12:17:04 | INFO | Theta: -45.0 deg
2026-02-11 12:17:04 | INFO | Theta: -50.0 deg
2026-02-11 12:17:04 | INFO | Theta: -55.0 deg
2026-02-11 12:17:04 | INFO | Theta: -60.0 deg
2026-02-11 12:17:04 | INFO | Theta: -65.0 deg
2026-02-11 12:17:04 | INFO | Theta: -70.0 deg
2026-02-11 12:17:04 | INFO | Theta: -75.0 deg
2026-02-11 12:17:08 | INFO | SAVE pressed
2026-02-11 12:17:08 | INFO | Saved annotation 3e03d6ff-d4f2-4c57-93fe-e2c07a3c4b2c for image_id=bacff13e-fd40-4a8f-bf1f-00eb20315f29 tree_id=tree_001
2026-02-11 12:17:14 | INFO | Starting project: crown_db v0.0.1
2026-02-11 12:17:14 | INFO | Database ready: data\db\crowns.sqlite3
2026-02-11 12:19:28 | INFO | Starting project: crown_db v0.0.1
2026-02-11 12:19:28 | INFO | Starting project: crown_db v0.0.1
2026-02-11 12:19:45 | INFO | Starting project: crown_db v0.0.1
2026-02-11 12:21:16 | INFO | Starting project: crown_db v0.0.1
2026-02-11 12:21:16 | INFO | Database ready: data\db\crowns.sqlite3
2026-02-11 12:21:16 | INFO | Dedup annotations done. Removed 2 rows.
2026-02-11 12:21:22 | INFO | Starting project: crown_db v0.0.1
2026-02-11 12:21:22 | INFO | Database ready: data\db\crowns.sqlite3
2026-02-11 12:22:35 | INFO | Starting project: crown_db v0.0.1
2026-02-11 12:22:35 | INFO | Database ready: data\db\crowns.sqlite3
2026-02-11 12:26:19 | INFO | Starting project: crown_db v0.0.1
2026-02-11 12:26:19 | INFO | Database ready: data\db\crowns.sqlite3
2026-02-11 12:26:19 | INFO | Opened image 1/2: D:\Users\Ekateryna\Desktop\Mag_projects\data\raw_images\береза 16м.JPG
2026-02-11 12:26:22 | INFO | Center set: (2760, 1622)
2026-02-11 12:26:24 | INFO | Radii set: a=604.1 b=422.9
2026-02-11 12:26:25 | INFO | Theta: -5.0 deg
2026-02-11 12:26:25 | INFO | Theta: -10.0 deg
2026-02-11 12:26:25 | INFO | Theta: -15.0 deg
2026-02-11 12:26:25 | INFO | Theta: -20.0 deg
2026-02-11 12:26:25 | INFO | Theta: -25.0 deg
2026-02-11 12:26:25 | INFO | Theta: -30.0 deg
2026-02-11 12:26:25 | INFO | Theta: -35.0 deg
2026-02-11 12:26:25 | INFO | Theta: -40.0 deg
2026-02-11 12:26:26 | INFO | Theta: -45.0 deg
2026-02-11 12:26:26 | INFO | Theta: -50.0 deg
2026-02-11 12:26:26 | INFO | Theta: -55.0 deg
2026-02-11 12:26:26 | INFO | Theta: -60.0 deg
2026-02-11 12:26:26 | INFO | Theta: -65.0 deg
2026-02-11 12:26:26 | INFO | Theta: -70.0 deg
2026-02-11 12:26:26 | INFO | Theta: -75.0 deg
2026-02-11 12:26:26 | INFO | Theta: -80.0 deg
2026-02-11 12:26:26 | INFO | Theta: -85.0 deg
2026-02-11 12:26:26 | INFO | Theta: -90.0 deg
2026-02-11 12:26:26 | INFO | Theta: -95.0 deg
2026-02-11 12:26:26 | INFO | Theta: -100.0 deg
2026-02-11 12:26:26 | INFO | Theta: -105.0 deg
2026-02-11 12:26:33 | INFO | SAVE pressed
2026-02-11 12:26:33 | INFO | Updated annotation 3e03d6ff-d4f2-4c57-93fe-e2c07a3c4b2c for image_id=bacff13e-fd40-4a8f-bf1f-00eb20315f29 tree_id=tree_001
2026-02-11 12:26:34 | INFO | Saved annotation 7b91fb94-fc35-4320-8a91-072a2df78b2a for image_id=bacff13e-fd40-4a8f-bf1f-00eb20315f29 tree_id=tree_001
2026-02-11 12:26:35 | INFO | Center set: (2760, 1709)
2026-02-11 12:26:37 | INFO | Radii set: a=540.4 b=378.3
2026-02-11 12:26:38 | INFO | Theta: -110.0 deg
2026-02-11 12:26:38 | INFO | Theta: -115.0 deg
2026-02-11 12:26:38 | INFO | Theta: -120.0 deg
2026-02-11 12:26:39 | INFO | Theta: -125.0 deg
2026-02-11 12:26:39 | INFO | Theta: -130.0 deg
2026-02-11 12:26:39 | INFO | Theta: -135.0 deg
2026-02-11 12:26:39 | INFO | Theta: -130.0 deg
2026-02-11 12:26:39 | INFO | Theta: -125.0 deg
2026-02-11 12:26:39 | INFO | Theta: -120.0 deg
2026-02-11 12:26:39 | INFO | Theta: -115.0 deg
2026-02-11 12:26:39 | INFO | Theta: -110.0 deg
2026-02-11 12:26:39 | INFO | Theta: -105.0 deg
2026-02-11 12:26:39 | INFO | Theta: -100.0 deg
2026-02-11 12:26:40 | INFO | Theta: -95.0 deg
2026-02-11 12:26:40 | INFO | Theta: -90.0 deg
2026-02-11 12:26:40 | INFO | Theta: -85.0 deg
2026-02-11 12:26:40 | INFO | Theta: -80.0 deg
2026-02-11 12:26:40 | INFO | Theta: -75.0 deg
2026-02-11 12:26:40 | INFO | Theta: -70.0 deg
2026-02-11 12:26:40 | INFO | Theta: -65.0 deg
2026-02-11 12:26:40 | INFO | Theta: -60.0 deg
2026-02-11 12:26:40 | INFO | Theta: -55.0 deg
2026-02-11 12:26:40 | INFO | Theta: -50.0 deg
2026-02-11 12:26:40 | INFO | Theta: -45.0 deg
2026-02-11 12:26:41 | INFO | Theta: -40.0 deg
2026-02-11 12:26:41 | INFO | Theta: -45.0 deg
2026-02-11 12:26:41 | INFO | Theta: -50.0 deg
2026-02-11 12:26:41 | INFO | Theta: -55.0 deg
2026-02-11 12:26:41 | INFO | Theta: -60.0 deg
2026-02-11 12:26:41 | INFO | Theta: -65.0 deg
2026-02-11 12:26:41 | INFO | Theta: -70.0 deg
2026-02-11 12:26:41 | INFO | Theta: -75.0 deg
2026-02-11 12:26:41 | INFO | Theta: -80.0 deg
2026-02-11 12:26:41 | INFO | Theta: -85.0 deg
2026-02-11 12:26:41 | INFO | Theta: -90.0 deg
2026-02-11 12:26:41 | INFO | Theta: -95.0 deg
2026-02-11 12:26:41 | INFO | Theta: -100.0 deg
2026-02-11 12:26:45 | INFO | SAVE pressed
2026-02-11 12:26:45 | INFO | Updated annotation 3e03d6ff-d4f2-4c57-93fe-e2c07a3c4b2c for image_id=bacff13e-fd40-4a8f-bf1f-00eb20315f29 tree_id=tree_001
2026-02-11 12:26:45 | INFO | Saved annotation d356b3a7-d4d3-4064-a072-38d1adf539fa for image_id=bacff13e-fd40-4a8f-bf1f-00eb20315f29 tree_id=tree_001
2026-02-11 12:26:53 | INFO | Starting project: crown_db v0.0.1
2026-02-11 12:26:53 | INFO | Database ready: data\db\crowns.sqlite3
2026-02-11 12:30:13 | INFO | Starting project: crown_db v0.0.1
2026-02-11 12:30:13 | INFO | Database ready: data\db\crowns.sqlite3
2026-02-11 12:30:13 | INFO | Cleanup observations done. Removed 2 orphan rows.
2026-02-11 12:31:31 | INFO | Starting project: crown_db v0.0.1
2026-02-11 12:31:31 | INFO | Database ready: data\db\crowns.sqlite3
2026-02-11 12:31:31 | INFO | Cleanup observations done. Removed 0 orphan rows.
2026-02-11 12:31:38 | INFO | Starting project: crown_db v0.0.1
2026-02-11 12:31:38 | INFO | Database ready: data\db\crowns.sqlite3
2026-02-11 12:33:17 | INFO | Starting project: crown_db v0.0.1
2026-02-11 12:33:17 | INFO | Database ready: data\db\crowns.sqlite3
2026-02-11 12:33:21 | INFO | Built observation feeba703-1233-4567-8557-6ee25e150ebc for annotation 3e03d6ff-d4f2-4c57-93fe-e2c07a3c4b2c
2026-02-11 12:33:21 | INFO | Build observations finished. Added 1 observations.
2026-02-11 12:33:25 | INFO | Starting project: crown_db v0.0.1
2026-02-11 12:33:25 | INFO | Database ready: data\db\crowns.sqlite3
2026-02-11 12:37:26 | INFO | Starting project: crown_db v0.0.1
2026-02-11 12:37:26 | INFO | Database ready: data\db\crowns.sqlite3
2026-02-11 12:38:15 | INFO | Starting project: crown_db v0.0.1
2026-02-11 12:38:15 | INFO | Database ready: data\db\crowns.sqlite3
2026-02-11 12:44:46 | INFO | Starting project: crown_db v0.0.1
2026-02-11 12:44:46 | INFO | Database ready: data\db\crowns.sqlite3
2026-02-11 12:44:46 | INFO | Opened image 1/2: D:\Users\Ekateryna\Desktop\Mag_projects\data\raw_images\береза 16м.JPG
2026-02-11 12:44:49 | INFO | Center set: (2778, 1651)
2026-02-11 12:44:50 | INFO | SAVE pressed
2026-02-11 12:44:50 | WARNING | Cannot save: ellipse not complete. Set center (LMB) and radii (RMB).
2026-02-11 12:44:54 | INFO | Center set: (2778, 1642)
2026-02-11 12:44:54 | INFO | Radii set: a=5.0 b=5.0
2026-02-11 12:44:55 | INFO | Theta: -5.0 deg
2026-02-11 12:44:56 | INFO | Theta: -10.0 deg
2026-02-11 12:44:56 | INFO | SAVE pressed
2026-02-11 12:44:56 | INFO | Updated annotation 3e03d6ff-d4f2-4c57-93fe-e2c07a3c4b2c for image_id=bacff13e-fd40-4a8f-bf1f-00eb20315f29 tree_id=tree_001
2026-02-11 12:44:56 | INFO | Old observation removed for annotation 3e03d6ff-d4f2-4c57-93fe-e2c07a3c4b2c
2026-02-11 12:44:57 | INFO | Observation rebuilt: obs_id=84389c89-0023-421e-88c2-eec00ae5853b for annotation_id=3e03d6ff-d4f2-4c57-93fe-e2c07a3c4b2c
2026-02-11 12:44:57 | INFO | Auto rebuild observation done. New obs_id=84389c89-0023-421e-88c2-eec00ae5853b
2026-02-11 12:44:59 | INFO | Center set: (2873, 1555)
2026-02-11 12:45:00 | INFO | Radii set: a=577.6 b=404.3
2026-02-11 12:45:02 | INFO | Theta: -15.0 deg
2026-02-11 12:45:02 | INFO | Theta: -20.0 deg
2026-02-11 12:45:02 | INFO | Theta: -25.0 deg
2026-02-11 12:45:02 | INFO | Theta: -30.0 deg
2026-02-11 12:45:02 | INFO | Theta: -35.0 deg
2026-02-11 12:45:02 | INFO | Theta: -40.0 deg
2026-02-11 12:45:02 | INFO | Theta: -45.0 deg
2026-02-11 12:45:03 | INFO | Theta: -50.0 deg
2026-02-11 12:45:03 | INFO | Theta: -55.0 deg
2026-02-11 12:45:03 | INFO | Theta: -60.0 deg
2026-02-11 12:45:03 | INFO | Theta: -65.0 deg
2026-02-11 12:45:03 | INFO | Theta: -70.0 deg
2026-02-11 12:45:03 | INFO | Theta: -75.0 deg
2026-02-11 12:45:03 | INFO | Theta: -80.0 deg
2026-02-11 12:45:03 | INFO | Theta: -85.0 deg
2026-02-11 12:45:03 | INFO | Theta: -90.0 deg
2026-02-11 12:45:03 | INFO | Theta: -95.0 deg
2026-02-11 12:45:03 | INFO | Theta: -100.0 deg
2026-02-11 12:45:03 | INFO | Theta: -105.0 deg
2026-02-11 12:45:03 | INFO | Theta: -110.0 deg
2026-02-11 12:45:04 | INFO | Theta: -115.0 deg
2026-02-11 12:45:04 | INFO | Theta: -120.0 deg
2026-02-11 12:45:04 | INFO | Theta: -125.0 deg
2026-02-11 12:45:05 | INFO | SAVE pressed
2026-02-11 12:45:05 | INFO | Updated annotation 3e03d6ff-d4f2-4c57-93fe-e2c07a3c4b2c for image_id=bacff13e-fd40-4a8f-bf1f-00eb20315f29 tree_id=tree_001
2026-02-11 12:45:06 | INFO | Old observation removed for annotation 3e03d6ff-d4f2-4c57-93fe-e2c07a3c4b2c
2026-02-11 12:45:06 | INFO | Observation rebuilt: obs_id=e995ffdd-d345-42a1-9eb8-c7825225d66e for annotation_id=3e03d6ff-d4f2-4c57-93fe-e2c07a3c4b2c
2026-02-11 12:45:06 | INFO | Auto rebuild observation done. New obs_id=e995ffdd-d345-42a1-9eb8-c7825225d66e
2026-02-11 12:45:12 | INFO | Starting project: crown_db v0.0.1
2026-02-11 12:45:12 | INFO | Database ready: data\db\crowns.sqlite3
2026-02-11 12:45:43 | INFO | Starting project: crown_db v0.0.1
2026-02-11 12:45:43 | INFO | Database ready: data\db\crowns.sqlite3
2026-02-11 12:45:43 | INFO | Opened image 1/2: D:\Users\Ekateryna\Desktop\Mag_projects\data\raw_images\береза 16м.JPG
2026-02-11 12:45:49 | INFO | Center set: (2729, 1647)
2026-02-11 12:45:51 | INFO | Radii set: a=498.0 b=348.6
2026-02-11 12:45:52 | INFO | Theta: -5.0 deg
2026-02-11 12:45:52 | INFO | Theta: -10.0 deg
2026-02-11 12:45:52 | INFO | Theta: -15.0 deg
2026-02-11 12:45:52 | INFO | Theta: -20.0 deg
2026-02-11 12:45:52 | INFO | Theta: -25.0 deg
2026-02-11 12:45:52 | INFO | Theta: -30.0 deg
2026-02-11 12:45:52 | INFO | Theta: -35.0 deg
2026-02-11 12:45:52 | INFO | Theta: -40.0 deg
2026-02-11 12:45:52 | INFO | Theta: -45.0 deg
2026-02-11 12:45:52 | INFO | Theta: -50.0 deg
2026-02-11 12:45:53 | INFO | Theta: -55.0 deg
2026-02-11 12:45:53 | INFO | Theta: -60.0 deg
2026-02-11 12:45:53 | INFO | Theta: -65.0 deg
2026-02-11 12:45:53 | INFO | Theta: -70.0 deg
2026-02-11 12:45:53 | INFO | Theta: -75.0 deg
2026-02-11 12:45:53 | INFO | Theta: -80.0 deg
2026-02-11 12:45:53 | INFO | Theta: -85.0 deg
2026-02-11 12:45:53 | INFO | Theta: -90.0 deg
2026-02-11 12:45:54 | INFO | Theta: -95.0 deg
2026-02-11 12:45:54 | INFO | Theta: -100.0 deg
2026-02-11 12:45:56 | INFO | SAVE pressed
2026-02-11 12:45:56 | INFO | Updated annotation 3e03d6ff-d4f2-4c57-93fe-e2c07a3c4b2c for image_id=bacff13e-fd40-4a8f-bf1f-00eb20315f29 tree_id=tree_001
2026-02-11 12:45:56 | INFO | Old observation removed for annotation 3e03d6ff-d4f2-4c57-93fe-e2c07a3c4b2c
2026-02-11 12:45:56 | INFO | Observation rebuilt: obs_id=13f027e7-f561-4be2-8d72-8b39559aa723 for annotation_id=3e03d6ff-d4f2-4c57-93fe-e2c07a3c4b2c
2026-02-11 12:45:56 | INFO | Auto rebuild observation done. New obs_id=13f027e7-f561-4be2-8d72-8b39559aa723
2026-02-11 12:45:59 | INFO | Center set: (2800, 1674)
2026-02-11 12:46:02 | INFO | Radii set: a=592.5 b=414.8
2026-02-11 12:46:04 | INFO | Theta: -95.0 deg
2026-02-11 12:46:04 | INFO | Theta: -90.0 deg
2026-02-11 12:46:05 | INFO | Theta: -95.0 deg
2026-02-11 12:46:05 | INFO | Theta: -100.0 deg
2026-02-11 12:46:05 | INFO | Theta: -105.0 deg
2026-02-11 12:46:05 | INFO | Theta: -110.0 deg
2026-02-11 12:46:06 | INFO | Theta: -115.0 deg
2026-02-11 12:46:06 | INFO | Theta: -120.0 deg
2026-02-11 12:46:07 | INFO | Theta: -115.0 deg
2026-02-11 12:46:07 | INFO | Theta: -110.0 deg
2026-02-11 12:46:07 | INFO | Theta: -105.0 deg
2026-02-11 12:46:07 | INFO | Theta: -100.0 deg
2026-02-11 12:46:08 | INFO | Theta: -95.0 deg
2026-02-11 12:46:08 | INFO | Theta: -90.0 deg
2026-02-11 12:46:08 | INFO | Theta: -85.0 deg
2026-02-11 12:46:08 | INFO | Theta: -80.0 deg
2026-02-11 12:46:08 | INFO | Theta: -75.0 deg
2026-02-11 12:46:08 | INFO | Theta: -70.0 deg
2026-02-11 12:46:09 | INFO | Theta: -75.0 deg
2026-02-11 12:46:09 | INFO | Theta: -80.0 deg
2026-02-11 12:46:09 | INFO | Theta: -85.0 deg
2026-02-11 12:46:09 | INFO | Theta: -90.0 deg
2026-02-11 12:46:09 | INFO | Theta: -95.0 deg
2026-02-11 12:46:09 | INFO | Theta: -100.0 deg
2026-02-11 12:46:09 | INFO | Theta: -105.0 deg
2026-02-11 12:46:10 | INFO | SAVE pressed
2026-02-11 12:46:10 | INFO | Updated annotation 3e03d6ff-d4f2-4c57-93fe-e2c07a3c4b2c for image_id=bacff13e-fd40-4a8f-bf1f-00eb20315f29 tree_id=tree_001
2026-02-11 12:46:10 | INFO | Old observation removed for annotation 3e03d6ff-d4f2-4c57-93fe-e2c07a3c4b2c
2026-02-11 12:46:10 | INFO | Observation rebuilt: obs_id=2badab76-21ed-4e94-a037-b21b601fda4d for annotation_id=3e03d6ff-d4f2-4c57-93fe-e2c07a3c4b2c
2026-02-11 12:46:10 | INFO | Auto rebuild observation done. New obs_id=2badab76-21ed-4e94-a037-b21b601fda4d
2026-02-11 12:46:20 | INFO | Starting project: crown_db v0.0.1
2026-02-11 12:46:20 | INFO | Database ready: data\db\crowns.sqlite3
2026-02-11 12:46:38 | INFO | Starting project: crown_db v0.0.1
2026-02-11 12:46:38 | INFO | Database ready: data\db\crowns.sqlite3
2026-02-11 12:46:39 | INFO | Opened image 1/2: D:\Users\Ekateryna\Desktop\Mag_projects\data\raw_images\береза 16м.JPG
2026-02-11 12:46:41 | INFO | Center set: (2743, 1665)
2026-02-11 12:46:42 | INFO | Radii set: a=464.4 b=325.1
2026-02-11 12:46:42 | INFO | Theta: -5.0 deg
2026-02-11 12:46:42 | INFO | Theta: -10.0 deg
2026-02-11 12:46:43 | INFO | Theta: -15.0 deg
2026-02-11 12:46:43 | INFO | Theta: -20.0 deg
2026-02-11 12:46:43 | INFO | Theta: -25.0 deg
2026-02-11 12:46:45 | INFO | SAVE pressed
2026-02-11 12:46:45 | INFO | Updated annotation 3e03d6ff-d4f2-4c57-93fe-e2c07a3c4b2c for image_id=bacff13e-fd40-4a8f-bf1f-00eb20315f29 tree_id=tree_001
2026-02-11 12:46:45 | INFO | Old observation removed for annotation 3e03d6ff-d4f2-4c57-93fe-e2c07a3c4b2c
2026-02-11 12:46:45 | INFO | Observation rebuilt: obs_id=97919b8f-7452-417f-964e-2a69a4128da7 for annotation_id=3e03d6ff-d4f2-4c57-93fe-e2c07a3c4b2c
2026-02-11 12:46:45 | INFO | Auto rebuild observation done. New obs_id=97919b8f-7452-417f-964e-2a69a4128da7
2026-02-11 12:46:50 | INFO | Starting project: crown_db v0.0.1
2026-02-11 12:46:50 | INFO | Database ready: data\db\crowns.sqlite3
2026-02-11 17:04:02 | INFO | Starting project: crown_db v0.0.1
2026-02-11 17:04:02 | INFO | Database ready: data\db\crowns.sqlite3
2026-02-11 17:04:02 | INFO | Opened image 1/2: D:\Users\Ekateryna\Desktop\Mag_projects\data\raw_images\береза 16м.JPG
2026-02-11 17:04:10 | INFO | Center set: (2743, 1624)
2026-02-11 17:04:12 | INFO | Radii set: a=551.3 b=385.9
2026-02-11 17:04:26 | INFO | Theta: -5.0 deg
2026-02-11 17:04:26 | INFO | Theta: -10.0 deg
2026-02-11 17:04:26 | INFO | Theta: -15.0 deg
2026-02-11 17:04:26 | INFO | Theta: -20.0 deg
2026-02-11 17:04:26 | INFO | Theta: -25.0 deg
2026-02-11 17:04:26 | INFO | Theta: -30.0 deg
2026-02-11 17:04:26 | INFO | Theta: -35.0 deg
2026-02-11 17:04:26 | INFO | Theta: -40.0 deg
2026-02-11 17:04:27 | INFO | Theta: -45.0 deg
2026-02-11 17:04:27 | INFO | Theta: -50.0 deg
2026-02-11 17:04:27 | INFO | Theta: -55.0 deg
2026-02-11 17:04:27 | INFO | Theta: -60.0 deg
2026-02-11 17:04:27 | INFO | Theta: -65.0 deg
2026-02-11 17:04:27 | INFO | Theta: -70.0 deg
2026-02-11 17:04:27 | INFO | Theta: -75.0 deg
2026-02-11 17:04:27 | INFO | Theta: -80.0 deg
2026-02-11 17:04:28 | INFO | Theta: -85.0 deg
2026-02-11 17:04:28 | INFO | Theta: -90.0 deg
2026-02-11 17:04:28 | INFO | Theta: -95.0 deg
2026-02-11 17:04:28 | INFO | Theta: -100.0 deg
2026-02-11 17:04:28 | INFO | Theta: -105.0 deg
2026-02-11 17:04:28 | INFO | Theta: -110.0 deg
2026-02-11 17:04:29 | INFO | Theta: -115.0 deg
2026-02-11 17:04:29 | INFO | Theta: -120.0 deg
2026-02-11 17:04:30 | INFO | SAVE pressed
2026-02-11 17:04:30 | INFO | Updated annotation 3e03d6ff-d4f2-4c57-93fe-e2c07a3c4b2c for image_id=bacff13e-fd40-4a8f-bf1f-00eb20315f29 tree_id=tree_001
2026-02-11 17:04:30 | INFO | Old observation removed for annotation 3e03d6ff-d4f2-4c57-93fe-e2c07a3c4b2c
2026-02-11 17:04:31 | INFO | Observation rebuilt: obs_id=46172951-7e32-4ae8-890a-99942ab5d04f for annotation_id=3e03d6ff-d4f2-4c57-93fe-e2c07a3c4b2c
2026-02-11 17:04:31 | INFO | Auto rebuild observation done. New obs_id=46172951-7e32-4ae8-890a-99942ab5d04f
2026-02-11 17:04:51 | INFO | Starting project: crown_db v0.0.1
2026-02-11 17:04:51 | INFO | Database ready: data\db\crowns.sqlite3
2026-02-11 17:05:23 | INFO | Starting project: crown_db v0.0.1
2026-02-11 17:05:23 | INFO | Database ready: data\db\crowns.sqlite3
2026-02-11 17:05:35 | INFO | Starting project: crown_db v0.0.1
2026-02-11 17:05:35 | INFO | Database ready: data\db\crowns.sqlite3
2026-02-12 13:30:04 | INFO | Starting project: crown_db v0.0.1
2026-02-12 13:30:04 | INFO | Database ready: data\db\crowns.sqlite3
2026-02-12 13:31:12 | INFO | Starting project: crown_db v0.0.1
2026-02-12 13:31:12 | INFO | Database ready: data\db\crowns.sqlite3
2026-02-12 13:31:12 | INFO | Skip: observation already exists for annotation 3e03d6ff-d4f2-4c57-93fe-e2c07a3c4b2c
2026-02-12 13:31:12 | INFO | Build observations finished. Added 0 observations.
2026-02-12 13:31:42 | INFO | Starting project: crown_db v0.0.1
2026-02-12 13:31:42 | INFO | Database ready: data\db\crowns.sqlite3
2026-02-12 13:31:42 | INFO | Backfill obs_height done. Updated rows: 1
2026-02-12 13:33:00 | INFO | Starting project: crown_db v0.0.1
2026-02-12 13:33:00 | INFO | Database ready: data\db\crowns.sqlite3
2026-02-12 13:35:05 | INFO | Starting project: crown_db v0.0.1
2026-02-12 13:35:05 | INFO | Database ready: data\db\crowns.sqlite3
2026-02-12 13:35:05 | INFO | Set flight_altitude=16.00 for D:\Users\Ekateryna\Desktop\Mag_projects\data\raw_images\береза 16м.JPG
2026-02-12 13:35:05 | INFO | Set flight_altitude=8.00 for D:\Users\Ekateryna\Desktop\Mag_projects\data\raw_images\Береза 8м.JPG
2026-02-12 13:35:05 | INFO | fill_flight_altitude_from_filename: updated=2
2026-02-12 13:35:11 | INFO | Starting project: crown_db v0.0.1
2026-02-12 13:35:11 | INFO | Database ready: data\db\crowns.sqlite3
2026-02-12 13:35:11 | INFO | Backfill obs_height done. Updated rows: 1
2026-02-12 13:35:15 | INFO | Starting project: crown_db v0.0.1
2026-02-12 13:35:15 | INFO | Database ready: data\db\crowns.sqlite3
2026-02-12 13:39:40 | INFO | Starting project: crown_db v0.0.1
2026-02-12 13:39:41 | INFO | Database ready: data\db\crowns.sqlite3
2026-02-12 13:39:41 | INFO | build_levels done. Upserted 1 rows.
2026-02-12 13:39:45 | INFO | Starting project: crown_db v0.0.1
2026-02-12 13:39:45 | INFO | Database ready: data\db\crowns.sqlite3
2026-02-12 13:42:07 | INFO | Starting project: crown_db v0.0.1
2026-02-12 13:42:07 | INFO | Database ready: data\db\crowns.sqlite3
2026-02-12 13:42:07 | INFO | Normalized level: tree_id=tree_001 h_level=15.0 -> data\roi_norm\tree_001_15.png
2026-02-12 13:42:08 | INFO | normalize_scale done. Processed=1
2026-02-12 13:42:15 | INFO | Starting project: crown_db v0.0.1
2026-02-12 13:42:15 | INFO | Database ready: data\db\crowns.sqlite3
2026-02-12 13:44:39 | INFO | Starting project: crown_db v0.0.1
2026-02-12 13:44:39 | INFO | Database ready: data\db\crowns.sqlite3
2026-02-12 13:44:40 | INFO | Opened image 1/2: D:\Users\Ekateryna\Desktop\Mag_projects\data\raw_images\береза 16м.JPG
2026-02-12 13:44:45 | INFO | Center set: (2743, 1674)
2026-02-12 13:44:48 | INFO | Radii set: a=425.2 b=297.7
2026-02-12 13:44:51 | INFO | Radii set: a=602.2 b=421.5
2026-02-12 13:44:52 | INFO | Theta: -5.0 deg
2026-02-12 13:44:52 | INFO | Theta: -10.0 deg
2026-02-12 13:44:52 | INFO | Theta: -15.0 deg
2026-02-12 13:44:52 | INFO | Theta: -20.0 deg
2026-02-12 13:44:52 | INFO | Theta: -25.0 deg
2026-02-12 13:44:52 | INFO | Theta: -30.0 deg
2026-02-12 13:44:52 | INFO | Theta: -35.0 deg
2026-02-12 13:44:52 | INFO | Theta: -40.0 deg
2026-02-12 13:44:53 | INFO | Theta: -45.0 deg
2026-02-12 13:44:53 | INFO | Theta: -50.0 deg
2026-02-12 13:44:53 | INFO | Theta: -55.0 deg
2026-02-12 13:44:53 | INFO | Theta: -60.0 deg
2026-02-12 13:44:53 | INFO | Theta: -65.0 deg
2026-02-12 13:44:53 | INFO | Theta: -70.0 deg
2026-02-12 13:44:53 | INFO | Theta: -75.0 deg
2026-02-12 13:44:53 | INFO | Theta: -80.0 deg
2026-02-12 13:44:53 | INFO | Theta: -85.0 deg
2026-02-12 13:44:53 | INFO | Theta: -90.0 deg
2026-02-12 13:44:53 | INFO | Theta: -95.0 deg
2026-02-12 13:44:54 | INFO | Theta: -100.0 deg
2026-02-12 13:44:55 | INFO | Radii set: a=522.5 b=365.7
2026-02-12 13:44:56 | INFO | Radii set: a=578.1 b=404.7
2026-02-12 13:44:58 | INFO | SAVE pressed
2026-02-12 13:44:58 | INFO | Updated annotation 3e03d6ff-d4f2-4c57-93fe-e2c07a3c4b2c for image_id=bacff13e-fd40-4a8f-bf1f-00eb20315f29 tree_id=tree_001
2026-02-12 13:44:58 | INFO | Old observation removed for annotation 3e03d6ff-d4f2-4c57-93fe-e2c07a3c4b2c
2026-02-12 13:44:59 | INFO | Observation rebuilt: obs_id=a5e2373d-f08e-4be7-a150-2493b8b49e46 for annotation_id=3e03d6ff-d4f2-4c57-93fe-e2c07a3c4b2c (obs_height=16.0)
2026-02-12 13:44:59 | INFO | Auto rebuild observation done. New obs_id=a5e2373d-f08e-4be7-a150-2493b8b49e46
2026-02-12 13:45:17 | INFO | Starting project: crown_db v0.0.1
2026-02-12 13:45:17 | INFO | Database ready: data\db\crowns.sqlite3
2026-02-12 13:45:17 | INFO | Opened image 1/2: D:\Users\Ekateryna\Desktop\Mag_projects\data\raw_images\береза 16м.JPG
2026-02-12 13:45:28 | INFO | Opened image 1/2: D:\Users\Ekateryna\Desktop\Mag_projects\data\raw_images\береза 16м.JPG
2026-02-12 13:45:29 | INFO | Opened image 1/2: D:\Users\Ekateryna\Desktop\Mag_projects\data\raw_images\береза 16м.JPG
2026-02-12 13:45:30 | INFO | Opened image 2/2: D:\Users\Ekateryna\Desktop\Mag_projects\data\raw_images\Береза 8м.JPG
2026-02-12 13:45:31 | INFO | Theta: -5.0 deg
2026-02-12 13:45:32 | INFO | Theta: -10.0 deg
2026-02-12 13:45:43 | INFO | Theta: -15.0 deg
2026-02-12 13:45:43 | INFO | Theta: -20.0 deg
2026-02-12 13:45:47 | INFO | Center set: (2726, 2252)
2026-02-12 13:45:49 | INFO | Radii set: a=1482.7 b=1037.9
2026-02-12 13:45:50 | INFO | Theta: -25.0 deg
2026-02-12 13:45:50 | INFO | Theta: -30.0 deg
2026-02-12 13:45:50 | INFO | Theta: -35.0 deg
2026-02-12 13:45:51 | INFO | Theta: -40.0 deg
2026-02-12 13:45:51 | INFO | Theta: -45.0 deg
2026-02-12 13:45:51 | INFO | Theta: -50.0 deg
2026-02-12 13:45:51 | INFO | Theta: -55.0 deg
2026-02-12 13:45:51 | INFO | Theta: -60.0 deg
2026-02-12 13:45:51 | INFO | Theta: -65.0 deg
2026-02-12 13:45:51 | INFO | Theta: -70.0 deg
2026-02-12 13:45:51 | INFO | Theta: -75.0 deg
2026-02-12 13:45:52 | INFO | Theta: -80.0 deg
2026-02-12 13:45:52 | INFO | Theta: -85.0 deg
2026-02-12 13:45:56 | INFO | SAVE pressed
2026-02-12 13:45:56 | INFO | Inserted annotation cdb9f421-5ca3-4871-9682-72b84bbd6228 for image_id=db48cfc0-6747-409d-999c-c9115342a280 tree_id=tree_001
2026-02-12 13:45:57 | INFO | Observation rebuilt: obs_id=d9880392-f5fb-4888-97ed-39bd82a25e6d for annotation_id=cdb9f421-5ca3-4871-9682-72b84bbd6228 (obs_height=8.0)
2026-02-12 13:45:57 | INFO | Auto rebuild observation done. New obs_id=d9880392-f5fb-4888-97ed-39bd82a25e6d
2026-02-12 13:46:15 | INFO | Starting project: crown_db v0.0.1
2026-02-12 13:46:15 | INFO | Database ready: data\db\crowns.sqlite3
2026-02-12 13:46:32 | INFO | Starting project: crown_db v0.0.1
2026-02-12 13:46:32 | INFO | Database ready: data\db\crowns.sqlite3
2026-02-12 13:46:32 | INFO | Backfill obs_height done. Updated rows: 0
2026-02-12 13:46:44 | INFO | Starting project: crown_db v0.0.1
2026-02-12 13:46:44 | INFO | Database ready: data\db\crowns.sqlite3
2026-02-12 13:46:57 | INFO | Starting project: crown_db v0.0.1
2026-02-12 13:46:57 | INFO | Database ready: data\db\crowns.sqlite3
2026-02-12 13:46:57 | INFO | build_levels done. Upserted 2 rows.
2026-02-12 13:47:04 | INFO | Starting project: crown_db v0.0.1
2026-02-12 13:47:04 | INFO | Database ready: data\db\crowns.sqlite3
2026-02-12 13:47:04 | INFO | Normalized level: tree_id=tree_001 h_level=10.0 -> data\roi_norm\tree_001_10.png
2026-02-12 13:47:05 | INFO | normalize_scale done. Processed=1
2026-02-12 13:47:24 | INFO | Starting project: crown_db v0.0.1
2026-02-12 13:47:24 | INFO | Database ready: data\db\crowns.sqlite3
2026-02-12 13:52:13 | INFO | Starting project: crown_db v0.0.1
2026-02-12 13:52:13 | INFO | Database ready: data\db\crowns.sqlite3
2026-02-12 13:52:13 | WARNING | Skipped (maybe duplicate): D:\Users\Ekateryna\Desktop\Mag_projects\data\raw_images\береза 16м.JPG | UNIQUE constraint failed: images.path
2026-02-12 13:52:16 | INFO | Imported: D:\Users\Ekateryna\Desktop\Mag_projects\data\raw_images\береза 25м.JPG
2026-02-12 13:52:16 | WARNING | Skipped (maybe duplicate): D:\Users\Ekateryna\Desktop\Mag_projects\data\raw_images\Береза 8м.JPG | UNIQUE constraint failed: images.path
2026-02-12 13:52:17 | INFO | Import finished. Added 1 images.
2026-02-12 13:52:21 | INFO | Starting project: crown_db v0.0.1
2026-02-12 13:52:21 | INFO | Database ready: data\db\crowns.sqlite3
2026-02-12 13:52:28 | INFO | Starting project: crown_db v0.0.1
2026-02-12 13:52:28 | INFO | Database ready: data\db\crowns.sqlite3
2026-02-12 13:52:28 | INFO | Set flight_altitude=25.00 for D:\Users\Ekateryna\Desktop\Mag_projects\data\raw_images\береза 25м.JPG
2026-02-12 13:52:28 | INFO | fill_flight_altitude_from_filename: updated=1
2026-02-12 13:52:41 | INFO | Starting project: crown_db v0.0.1
2026-02-12 13:52:41 | INFO | Database ready: data\db\crowns.sqlite3
2026-02-12 13:52:58 | INFO | Starting project: crown_db v0.0.1
2026-02-12 13:52:58 | INFO | Database ready: data\db\crowns.sqlite3
2026-02-12 13:52:58 | INFO | Opened image 1/3: D:\Users\Ekateryna\Desktop\Mag_projects\data\raw_images\береза 16м.JPG
2026-02-12 13:53:03 | INFO | Opened image 2/3: D:\Users\Ekateryna\Desktop\Mag_projects\data\raw_images\Береза 8м.JPG
2026-02-12 13:53:04 | INFO | Opened image 3/3: D:\Users\Ekateryna\Desktop\Mag_projects\data\raw_images\береза 25м.JPG
2026-02-12 13:53:08 | INFO | Center set: (2806, 1764)
2026-02-12 13:53:10 | INFO | Radii set: a=284.4 b=199.1
2026-02-12 13:53:11 | INFO | Theta: -5.0 deg
2026-02-12 13:53:11 | INFO | Theta: -10.0 deg
2026-02-12 13:53:11 | INFO | Theta: -15.0 deg
2026-02-12 13:53:11 | INFO | Theta: -20.0 deg
2026-02-12 13:53:11 | INFO | Theta: -25.0 deg
2026-02-12 13:53:11 | INFO | Theta: -30.0 deg
2026-02-12 13:53:11 | INFO | Theta: -35.0 deg
2026-02-12 13:53:11 | INFO | Theta: -40.0 deg
2026-02-12 13:53:12 | INFO | Theta: -45.0 deg
2026-02-12 13:53:12 | INFO | Theta: -50.0 deg
2026-02-12 13:53:12 | INFO | Theta: -55.0 deg
2026-02-12 13:53:12 | INFO | Theta: -60.0 deg
2026-02-12 13:53:12 | INFO | Theta: -65.0 deg
2026-02-12 13:53:12 | INFO | Theta: -70.0 deg
2026-02-12 13:53:12 | INFO | Theta: -75.0 deg
2026-02-12 13:53:12 | INFO | Theta: -80.0 deg
2026-02-12 13:53:12 | INFO | Theta: -85.0 deg
2026-02-12 13:53:12 | INFO | Theta: -90.0 deg
2026-02-12 13:53:12 | INFO | Theta: -95.0 deg
2026-02-12 13:53:12 | INFO | Theta: -100.0 deg
2026-02-12 13:53:12 | INFO | Theta: -105.0 deg
2026-02-12 13:53:13 | INFO | Theta: -110.0 deg
2026-02-12 13:53:14 | INFO | Radii set: a=263.5 b=184.5
2026-02-12 13:53:15 | INFO | Radii set: a=313.8 b=219.7
2026-02-12 13:53:16 | INFO | Theta: -105.0 deg
2026-02-12 13:53:16 | INFO | Theta: -100.0 deg
2026-02-12 13:53:16 | INFO | Theta: -95.0 deg
2026-02-12 13:53:16 | INFO | Theta: -90.0 deg
2026-02-12 13:53:16 | INFO | Theta: -85.0 deg
2026-02-12 13:53:16 | INFO | Theta: -80.0 deg
2026-02-12 13:53:17 | INFO | Theta: -75.0 deg
2026-02-12 13:53:18 | INFO | Theta: -70.0 deg
2026-02-12 13:53:19 | INFO | Radii set: a=283.7 b=198.6
2026-02-12 13:53:21 | INFO | Theta: -75.0 deg
2026-02-12 13:53:21 | INFO | Theta: -80.0 deg
2026-02-12 13:53:21 | INFO | Theta: -85.0 deg
2026-02-12 13:53:21 | INFO | Theta: -90.0 deg
2026-02-12 13:53:21 | INFO | Theta: -95.0 deg
2026-02-12 13:53:21 | INFO | Theta: -100.0 deg
2026-02-12 13:53:21 | INFO | Theta: -105.0 deg
2026-02-12 13:53:21 | INFO | Theta: -110.0 deg
2026-02-12 13:53:21 | INFO | Theta: -115.0 deg
2026-02-12 13:53:21 | INFO | Theta: -120.0 deg
2026-02-12 13:53:21 | INFO | Theta: -125.0 deg
2026-02-12 13:53:21 | INFO | Theta: -130.0 deg
2026-02-12 13:53:22 | INFO | Theta: -135.0 deg
2026-02-12 13:53:22 | INFO | Theta: -140.0 deg
2026-02-12 13:53:23 | INFO | Theta: -145.0 deg
2026-02-12 13:53:23 | INFO | Theta: -150.0 deg
2026-02-12 13:53:23 | INFO | Theta: -155.0 deg
2026-02-12 13:53:23 | INFO | Theta: -160.0 deg
2026-02-12 13:53:23 | INFO | Theta: -165.0 deg
2026-02-12 13:53:23 | INFO | Theta: -170.0 deg
2026-02-12 13:53:23 | INFO | Theta: -175.0 deg
2026-02-12 13:53:23 | INFO | Theta: -180.0 deg
2026-02-12 13:53:23 | INFO | Theta: -185.0 deg
2026-02-12 13:53:24 | INFO | Theta: -190.0 deg
2026-02-12 13:53:24 | INFO | Theta: -195.0 deg
2026-02-12 13:53:24 | INFO | Theta: -200.0 deg
2026-02-12 13:53:24 | INFO | Theta: -205.0 deg
2026-02-12 13:53:24 | INFO | Theta: -210.0 deg
2026-02-12 13:53:24 | INFO | Theta: -215.0 deg
2026-02-12 13:53:24 | INFO | Theta: -220.0 deg
2026-02-12 13:53:24 | INFO | Theta: -225.0 deg
2026-02-12 13:53:24 | INFO | Theta: -230.0 deg
2026-02-12 13:53:24 | INFO | Theta: -235.0 deg
2026-02-12 13:53:24 | INFO | Theta: -240.0 deg
2026-02-12 13:53:24 | INFO | Theta: -245.0 deg
2026-02-12 13:53:24 | INFO | Theta: -250.0 deg
2026-02-12 13:53:26 | INFO | Radii set: a=308.7 b=216.1
2026-02-12 13:53:28 | INFO | Theta: -255.0 deg
2026-02-12 13:53:28 | INFO | Theta: -260.0 deg
2026-02-12 13:53:29 | INFO | Theta: -265.0 deg
2026-02-12 13:53:29 | INFO | Theta: -270.0 deg
2026-02-12 13:53:30 | INFO | Theta: -275.0 deg
2026-02-12 13:53:32 | INFO | Center set: (2861, 1769)
2026-02-12 13:53:34 | INFO | Center set: (2781, 1774)
2026-02-12 13:53:35 | INFO | Center set: (2821, 1758)
2026-02-12 13:53:36 | INFO | Center set: (2826, 1758)
2026-02-12 13:53:38 | INFO | Theta: -280.0 deg
2026-02-12 13:53:38 | INFO | Theta: -275.0 deg
2026-02-12 13:53:38 | INFO | Theta: -270.0 deg
2026-02-12 13:53:39 | INFO | Theta: -265.0 deg
2026-02-12 13:53:42 | INFO | SAVE pressed
2026-02-12 13:53:42 | INFO | Inserted annotation facc262e-d17e-4bad-bcab-a22ca460a558 for image_id=13aee232-a2e8-4790-a727-38a78dbfe83e tree_id=tree_001
2026-02-12 13:53:42 | INFO | Observation rebuilt: obs_id=eb40fc9c-e767-4a9d-86e7-d589afe54cf3 for annotation_id=facc262e-d17e-4bad-bcab-a22ca460a558 (obs_height=25.0)
2026-02-12 13:53:42 | INFO | Auto rebuild observation done. New obs_id=eb40fc9c-e767-4a9d-86e7-d589afe54cf3
2026-02-12 13:53:52 | INFO | Starting project: crown_db v0.0.1
2026-02-12 13:53:52 | INFO | Database ready: data\db\crowns.sqlite3
2026-02-12 13:54:01 | INFO | Starting project: crown_db v0.0.1
2026-02-12 13:54:01 | INFO | Database ready: data\db\crowns.sqlite3
2026-02-12 13:54:10 | INFO | Starting project: crown_db v0.0.1
2026-02-12 13:54:10 | INFO | Database ready: data\db\crowns.sqlite3
2026-02-12 13:54:18 | INFO | Starting project: crown_db v0.0.1
2026-02-12 13:54:18 | INFO | Database ready: data\db\crowns.sqlite3
2026-02-12 13:54:18 | INFO | Backfill obs_height done. Updated rows: 0
2026-02-12 13:54:28 | INFO | Starting project: crown_db v0.0.1
2026-02-12 13:54:28 | INFO | Database ready: data\db\crowns.sqlite3
2026-02-12 13:54:28 | INFO | build_levels done. Upserted 3 rows.
2026-02-12 13:54:33 | INFO | Starting project: crown_db v0.0.1
2026-02-12 13:54:33 | INFO | Database ready: data\db\crowns.sqlite3
2026-02-12 13:54:33 | INFO | Normalized level: tree_id=tree_001 h_level=25.0 -> data\roi_norm\tree_001_25.png
2026-02-12 13:54:34 | INFO | normalize_scale done. Processed=1
2026-02-12 13:54:40 | INFO | Starting project: crown_db v0.0.1
2026-02-12 13:54:40 | INFO | Database ready: data\db\crowns.sqlite3
2026-02-12 14:08:52 | INFO | Starting project: crown_db v0.0.1
2026-02-12 14:08:52 | INFO | Database ready: data\db\crowns.sqlite3
2026-02-12 14:15:14 | INFO | Starting project: crown_db v0.0.1
2026-02-12 14:15:14 | INFO | Database ready: data\db\crowns.sqlite3
2026-02-12 14:15:14 | INFO | Synth created: tree=tree_001 h=20.0 method=linear_blend -> data\roi_norm\tree_001_20_synth.png
2026-02-12 14:15:14 | INFO | synthesize_missing_levels done. created=1
2026-02-12 14:15:22 | INFO | Starting project: crown_db v0.0.1
2026-02-12 14:15:22 | INFO | Database ready: data\db\crowns.sqlite3
